Logging:
  handlers:
  - max-size: 1048576
    filename: errors.log
    period: 86400
    level: 3
  noninheritedlist:
  - ein
  - zwei
  level: 5
  inheritedlist:
  - one
  - two
  propagate: yes
  formatter:
    format: '[{time}] {logger} {levelname} {message}'
    dateformat: '%Y%m%d%H%M%S'
  children:
    performance:
      handlers:
      - max-size: 1048576
        filename: performance.log
        period: 86400
        level: 8
      noninheritedlist: []
      level: 7
      inheritedlist:
      - one
      - two
      propagate: yes
      formatter:
        format: '{message}'
        dateformat: '%Y-%m-%d %H:%M:%S'
      children: {}
    game:
      handlers:
      - max-size: 10485760
        filename: game.log
        period: 86400
        level: 8
      - max-size: 1048576
        filename: errors.log
        period: 86400
        level: 3
      noninheritedlist:
      - one
      level: 5
      inheritedlist:
      - three
      - one
      - two
      propagate: no
      formatter:
        format: '[{time}] {logger} {levelname} {message}'
        dateformat: '%Y%m%d%H%M%S'
      children:
        rating:
          handlers:
          - max-size: 10485760
            filename: game.log
            period: 86400
            level: 8
          - max-size: 1048576
            filename: errors.log
            period: 86400
            level: 3
          noninheritedlist: []
          level: 6
          inheritedlist:
          - three
          - one
          - two
          propagate: yes
          formatter:
            format: '[{time}] {logger} {levelname} {message}'
            dateformat: '%Y%m%d%H%M%S'
          children: {}
        battle:
          handlers:
          - max-size: 10485760
            filename: game.log
            period: 86400
            level: 8
          - max-size: 1048576
            filename: errors.log
            period: 86400
            level: 3
          noninheritedlist: []
          level: 5
          inheritedlist:
          - three
          - one
          - two
          propagate: yes
          formatter:
            format: '[{time}] {logger} {levelname} {message}'
            dateformat: '%Y%m%d%H%M%S'
          children: {}
